<?xml version="1.0" encoding="UTF-8"?>
<testng-results ignored="0" total="6" passed="6" failed="0" skipped="0">
  <reporter-output>
  </reporter-output>
  <suite started-at="2022-05-04T15:31:53 IST" name="Mohs10 Framework Test Suite" finished-at="2022-05-04T15:32:54 IST" duration-ms="61359">
    <groups>
    </groups>
    <test started-at="2022-05-04T15:31:53 IST" name="Home Page Test Case" finished-at="2022-05-04T15:32:54 IST" duration-ms="61359">
      <class name="com.mohs10.scripts.HomeTest">
        <test-method is-config="true" signature="generateReport()[pri:0, instance:com.mohs10.scripts.HomeTest@4d0f2471]" started-at="2022-05-04T15:31:53 IST" name="generateReport" finished-at="2022-05-04T15:31:54 IST" duration-ms="647" status="PASS">
          <reporter-output>
          </reporter-output>
        </test-method> <!-- generateReport -->
        <test-method is-config="true" signature="beforeClass()[pri:0, instance:com.mohs10.scripts.HomeTest@4d0f2471]" started-at="2022-05-04T15:31:54 IST" name="beforeClass" finished-at="2022-05-04T15:31:57 IST" duration-ms="3325" status="PASS">
          <reporter-output>
          </reporter-output>
        </test-method> <!-- beforeClass -->
        <test-method is-config="true" signature="methodName(java.lang.reflect.Method)[pri:0, instance:com.mohs10.scripts.HomeTest@4d0f2471]" started-at="2022-05-04T15:31:57 IST" name="methodName" finished-at="2022-05-04T15:31:57 IST" duration-ms="12" status="PASS">
          <params>
            <param index="0">
              <value>
                <![CDATA[public void com.mohs10.scripts.HomeTest.BlogbtnTestCase() throws java.lang.Exception]]>
              </value>
            </param>
          </params>
          <reporter-output>
          </reporter-output>
        </test-method> <!-- methodName -->
        <test-method signature="BlogbtnTestCase()[pri:0, instance:com.mohs10.scripts.HomeTest@4d0f2471]" started-at="2022-05-04T15:31:57 IST" name="BlogbtnTestCase" finished-at="2022-05-04T15:32:09 IST" duration-ms="12227" status="PASS">
          <reporter-output>
          </reporter-output>
        </test-method> <!-- BlogbtnTestCase -->
        <test-method is-config="true" signature="methodName(java.lang.reflect.Method)[pri:0, instance:com.mohs10.scripts.HomeTest@4d0f2471]" started-at="2022-05-04T15:32:09 IST" name="methodName" finished-at="2022-05-04T15:32:09 IST" duration-ms="0" status="PASS">
          <params>
            <param index="0">
              <value>
                <![CDATA[public void com.mohs10.scripts.HomeTest.CategoriesTest() throws java.lang.Exception]]>
              </value>
            </param>
          </params>
          <reporter-output>
          </reporter-output>
        </test-method> <!-- methodName -->
        <test-method signature="CategoriesTest()[pri:0, instance:com.mohs10.scripts.HomeTest@4d0f2471]" started-at="2022-05-04T15:32:09 IST" name="CategoriesTest" finished-at="2022-05-04T15:32:20 IST" duration-ms="10927" status="PASS">
          <reporter-output>
          </reporter-output>
        </test-method> <!-- CategoriesTest -->
        <test-method is-config="true" signature="methodName(java.lang.reflect.Method)[pri:0, instance:com.mohs10.scripts.HomeTest@4d0f2471]" started-at="2022-05-04T15:32:20 IST" name="methodName" finished-at="2022-05-04T15:32:20 IST" duration-ms="2" status="PASS">
          <params>
            <param index="0">
              <value>
                <![CDATA[public void com.mohs10.scripts.HomeTest.InvalidLogInTestCase() throws java.lang.Exception]]>
              </value>
            </param>
          </params>
          <reporter-output>
          </reporter-output>
        </test-method> <!-- methodName -->
        <test-method signature="InvalidLogInTestCase()[pri:0, instance:com.mohs10.scripts.HomeTest@4d0f2471]" started-at="2022-05-04T15:32:20 IST" name="InvalidLogInTestCase" finished-at="2022-05-04T15:32:27 IST" duration-ms="7033" status="PASS">
          <reporter-output>
          </reporter-output>
        </test-method> <!-- InvalidLogInTestCase -->
        <test-method is-config="true" signature="methodName(java.lang.reflect.Method)[pri:0, instance:com.mohs10.scripts.HomeTest@4d0f2471]" started-at="2022-05-04T15:32:27 IST" name="methodName" finished-at="2022-05-04T15:32:27 IST" duration-ms="1" status="PASS">
          <params>
            <param index="0">
              <value>
                <![CDATA[public void com.mohs10.scripts.HomeTest.LoginPageTestCase() throws java.lang.Exception]]>
              </value>
            </param>
          </params>
          <reporter-output>
          </reporter-output>
        </test-method> <!-- methodName -->
        <test-method signature="LoginPageTestCase()[pri:0, instance:com.mohs10.scripts.HomeTest@4d0f2471]" started-at="2022-05-04T15:32:27 IST" name="LoginPageTestCase" finished-at="2022-05-04T15:32:35 IST" duration-ms="8103" status="PASS">
          <reporter-output>
          </reporter-output>
        </test-method> <!-- LoginPageTestCase -->
        <test-method is-config="true" signature="methodName(java.lang.reflect.Method)[pri:0, instance:com.mohs10.scripts.HomeTest@4d0f2471]" started-at="2022-05-04T15:32:35 IST" name="methodName" finished-at="2022-05-04T15:32:35 IST" duration-ms="1" status="PASS">
          <params>
            <param index="0">
              <value>
                <![CDATA[public void com.mohs10.scripts.HomeTest.NewsbtnTestCase() throws java.lang.Exception]]>
              </value>
            </param>
          </params>
          <reporter-output>
          </reporter-output>
        </test-method> <!-- methodName -->
        <test-method signature="NewsbtnTestCase()[pri:0, instance:com.mohs10.scripts.HomeTest@4d0f2471]" started-at="2022-05-04T15:32:35 IST" name="NewsbtnTestCase" finished-at="2022-05-04T15:32:44 IST" duration-ms="8840" status="PASS">
          <reporter-output>
          </reporter-output>
        </test-method> <!-- NewsbtnTestCase -->
        <test-method is-config="true" signature="methodName(java.lang.reflect.Method)[pri:0, instance:com.mohs10.scripts.HomeTest@4d0f2471]" started-at="2022-05-04T15:32:44 IST" name="methodName" finished-at="2022-05-04T15:32:44 IST" duration-ms="0" status="PASS">
          <params>
            <param index="0">
              <value>
                <![CDATA[public void com.mohs10.scripts.HomeTest.RegisterPageTestCase() throws java.lang.Exception]]>
              </value>
            </param>
          </params>
          <reporter-output>
          </reporter-output>
        </test-method> <!-- methodName -->
        <test-method signature="RegisterPageTestCase()[pri:0, instance:com.mohs10.scripts.HomeTest@4d0f2471]" started-at="2022-05-04T15:32:44 IST" name="RegisterPageTestCase" finished-at="2022-05-04T15:32:53 IST" duration-ms="9184" status="PASS">
          <reporter-output>
          </reporter-output>
        </test-method> <!-- RegisterPageTestCase -->
        <test-method is-config="true" signature="afterClass()[pri:0, instance:com.mohs10.scripts.HomeTest@4d0f2471]" started-at="2022-05-04T15:32:53 IST" name="afterClass" finished-at="2022-05-04T15:32:54 IST" duration-ms="997" status="PASS">
          <reporter-output>
          </reporter-output>
        </test-method> <!-- afterClass -->
      </class> <!-- com.mohs10.scripts.HomeTest -->
    </test> <!-- Home Page Test Case -->
  </suite> <!-- Mohs10 Framework Test Suite -->
</testng-results>
