<?xml version="1.0" encoding="UTF-8"?>
<testng-results ignored="0" total="1" passed="0" failed="1" skipped="0">
  <reporter-output>
  </reporter-output>
  <suite started-at="2022-08-12T17:39:50 IST" name="Failed suite [DemoWebShop Application]" finished-at="2022-08-12T17:41:16 IST" duration-ms="86246">
    <groups>
    </groups>
    <test started-at="2022-08-12T17:39:50 IST" name="Application Testcase1(failed)" finished-at="2022-08-12T17:41:16 IST" duration-ms="86246">
      <class name="com.mohs10.scripts.UserRegister">
        <test-method is-config="true" signature="generateReport()[pri:0, instance:com.mohs10.scripts.UserRegister@2d52216b]" started-at="2022-08-12T17:39:50 IST" name="generateReport" finished-at="2022-08-12T17:39:50 IST" duration-ms="768" status="PASS">
          <reporter-output>
          </reporter-output>
        </test-method> <!-- generateReport -->
        <test-method is-config="true" signature="beforeClass()[pri:0, instance:com.mohs10.scripts.UserRegister@2d52216b]" started-at="2022-08-12T17:39:50 IST" name="beforeClass" finished-at="2022-08-12T17:40:26 IST" duration-ms="35856" status="PASS">
          <reporter-output>
          </reporter-output>
        </test-method> <!-- beforeClass -->
        <test-method is-config="true" signature="methodName(java.lang.reflect.Method)[pri:0, instance:com.mohs10.scripts.UserRegister@2d52216b]" started-at="2022-08-12T17:40:26 IST" name="methodName" finished-at="2022-08-12T17:40:27 IST" duration-ms="69" status="PASS">
          <params>
            <param index="0">
              <value>
                <![CDATA[public void com.mohs10.scripts.UserRegister.RegisterPageTestCase() throws java.lang.Exception]]>
              </value>
            </param>
          </params>
          <reporter-output>
          </reporter-output>
        </test-method> <!-- methodName -->
        <test-method signature="RegisterPageTestCase()[pri:0, instance:com.mohs10.scripts.UserRegister@2d52216b]" started-at="2022-08-12T17:40:27 IST" name="RegisterPageTestCase" finished-at="2022-08-12T17:40:57 IST" duration-ms="30854" status="FAIL">
          <exception class="org.openqa.selenium.NoSuchElementException">
            <message>
              <![CDATA[no such element: Unable to locate element: {"method":"xpath","selector":"//input[@value='Continue']"}
  (Session info: chrome=104.0.5112.81)
For documentation on this error, please visit: https://selenium.dev/exceptions/#no_such_element
Build info: version: '4.1.0', revision: '87802e897b'
System info: host: 'DESKTOP-4ERO01U', ip: '192.168.1.3', os.name: 'Windows 10', os.arch: 'amd64', os.version: '10.0', java.version: '16.0.2'
Driver info: org.openqa.selenium.chrome.ChromeDriver
Command: [7bb5f1584dc15d377ce13ba5608b9694, findElement {using=xpath, value=//input[@value='Continue']}]
Capabilities {acceptInsecureCerts: false, browserName: chrome, browserVersion: 104.0.5112.81, chrome: {chromedriverVersion: 104.0.5112.79 (3cf3e8c8a07d..., userDataDir: C:\Users\deepa\AppData\Loca...}, goog:chromeOptions: {debuggerAddress: localhost:61524}, javascriptEnabled: true, networkConnectionEnabled: false, pageLoadStrategy: normal, platform: WINDOWS, platformName: WINDOWS, proxy: Proxy(), se:cdp: ws://localhost:61524/devtoo..., se:cdpVersion: 104.0.5112.81, setWindowRect: true, strictFileInteractability: false, timeouts: {implicit: 0, pageLoad: 300000, script: 30000}, unhandledPromptBehavior: dismiss and notify, webauthn:extension:credBlob: true, webauthn:extension:largeBlob: true, webauthn:virtualAuthenticators: true}
Session ID: 7bb5f1584dc15d377ce13ba5608b9694]]>
            </message>
            <full-stacktrace>
              <![CDATA[org.openqa.selenium.NoSuchElementException: no such element: Unable to locate element: {"method":"xpath","selector":"//input[@value='Continue']"}
  (Session info: chrome=104.0.5112.81)
For documentation on this error, please visit: https://selenium.dev/exceptions/#no_such_element
Build info: version: '4.1.0', revision: '87802e897b'
System info: host: 'DESKTOP-4ERO01U', ip: '192.168.1.3', os.name: 'Windows 10', os.arch: 'amd64', os.version: '10.0', java.version: '16.0.2'
Driver info: org.openqa.selenium.chrome.ChromeDriver
Command: [7bb5f1584dc15d377ce13ba5608b9694, findElement {using=xpath, value=//input[@value='Continue']}]
Capabilities {acceptInsecureCerts: false, browserName: chrome, browserVersion: 104.0.5112.81, chrome: {chromedriverVersion: 104.0.5112.79 (3cf3e8c8a07d..., userDataDir: C:\Users\deepa\AppData\Loca...}, goog:chromeOptions: {debuggerAddress: localhost:61524}, javascriptEnabled: true, networkConnectionEnabled: false, pageLoadStrategy: normal, platform: WINDOWS, platformName: WINDOWS, proxy: Proxy(), se:cdp: ws://localhost:61524/devtoo..., se:cdpVersion: 104.0.5112.81, setWindowRect: true, strictFileInteractability: false, timeouts: {implicit: 0, pageLoad: 300000, script: 30000}, unhandledPromptBehavior: dismiss and notify, webauthn:extension:credBlob: true, webauthn:extension:largeBlob: true, webauthn:virtualAuthenticators: true}
Session ID: 7bb5f1584dc15d377ce13ba5608b9694
at java.base/jdk.internal.reflect.NativeConstructorAccessorImpl.newInstance0(Native Method)
at java.base/jdk.internal.reflect.NativeConstructorAccessorImpl.newInstance(NativeConstructorAccessorImpl.java:78)
at java.base/jdk.internal.reflect.DelegatingConstructorAccessorImpl.newInstance(DelegatingConstructorAccessorImpl.java:45)
at java.base/java.lang.reflect.Constructor.newInstanceWithCaller(Constructor.java:499)
at java.base/java.lang.reflect.Constructor.newInstance(Constructor.java:480)
at org.openqa.selenium.remote.codec.w3c.W3CHttpResponseCodec.createException(W3CHttpResponseCodec.java:200)
at org.openqa.selenium.remote.codec.w3c.W3CHttpResponseCodec.decode(W3CHttpResponseCodec.java:133)
at org.openqa.selenium.remote.codec.w3c.W3CHttpResponseCodec.decode(W3CHttpResponseCodec.java:53)
at org.openqa.selenium.remote.HttpCommandExecutor.execute(HttpCommandExecutor.java:184)
at org.openqa.selenium.remote.service.DriverCommandExecutor.invokeExecute(DriverCommandExecutor.java:164)
at org.openqa.selenium.remote.service.DriverCommandExecutor.execute(DriverCommandExecutor.java:139)
at org.openqa.selenium.remote.RemoteWebDriver.execute(RemoteWebDriver.java:559)
at org.openqa.selenium.remote.ElementLocation$ElementFinder$2.findElement(ElementLocation.java:162)
at org.openqa.selenium.remote.ElementLocation.findElement(ElementLocation.java:60)
at org.openqa.selenium.remote.RemoteWebDriver.findElement(RemoteWebDriver.java:383)
at org.openqa.selenium.remote.RemoteWebDriver.findElement(RemoteWebDriver.java:375)
at com.moh10.base.Action.click(Action.java:55)
at com.mohs10.reuse.Home.Register(Home.java:41)
at com.mohs10.scripts.UserRegister.RegisterPageTestCase(UserRegister.java:15)
at java.base/jdk.internal.reflect.NativeMethodAccessorImpl.invoke0(Native Method)
at java.base/jdk.internal.reflect.NativeMethodAccessorImpl.invoke(NativeMethodAccessorImpl.java:78)
at java.base/jdk.internal.reflect.DelegatingMethodAccessorImpl.invoke(DelegatingMethodAccessorImpl.java:43)
at java.base/java.lang.reflect.Method.invoke(Method.java:567)
at org.testng.internal.MethodInvocationHelper.invokeMethod(MethodInvocationHelper.java:133)
at org.testng.internal.TestInvoker.invokeMethod(TestInvoker.java:598)
at org.testng.internal.TestInvoker.invokeTestMethod(TestInvoker.java:173)
at org.testng.internal.MethodRunner.runInSequence(MethodRunner.java:46)
at org.testng.internal.TestInvoker$MethodInvocationAgent.invoke(TestInvoker.java:824)
at org.testng.internal.TestInvoker.invokeTestMethods(TestInvoker.java:146)
at org.testng.internal.TestMethodWorker.invokeTestMethods(TestMethodWorker.java:146)
at org.testng.internal.TestMethodWorker.run(TestMethodWorker.java:128)
at java.base/java.util.ArrayList.forEach(ArrayList.java:1511)
at org.testng.TestRunner.privateRun(TestRunner.java:794)
at org.testng.TestRunner.run(TestRunner.java:596)
at org.testng.SuiteRunner.runTest(SuiteRunner.java:377)
at org.testng.SuiteRunner.runSequentially(SuiteRunner.java:371)
at org.testng.SuiteRunner.privateRun(SuiteRunner.java:332)
at org.testng.SuiteRunner.run(SuiteRunner.java:276)
at org.testng.SuiteRunnerWorker.runSuite(SuiteRunnerWorker.java:53)
at org.testng.SuiteRunnerWorker.run(SuiteRunnerWorker.java:96)
at org.testng.TestNG.runSuitesSequentially(TestNG.java:1212)
at org.testng.TestNG.runSuitesLocally(TestNG.java:1134)
at org.testng.TestNG.runSuites(TestNG.java:1063)
at org.testng.TestNG.run(TestNG.java:1031)
at org.testng.remote.AbstractRemoteTestNG.run(AbstractRemoteTestNG.java:115)
at org.testng.remote.RemoteTestNG.initAndRun(RemoteTestNG.java:251)
at org.testng.remote.RemoteTestNG.main(RemoteTestNG.java:77)
]]>
            </full-stacktrace>
          </exception> <!-- org.openqa.selenium.NoSuchElementException -->
          <reporter-output>
          </reporter-output>
        </test-method> <!-- RegisterPageTestCase -->
        <test-method is-config="true" signature="afterClass()[pri:0, instance:com.mohs10.scripts.UserRegister@2d52216b]" started-at="2022-08-12T17:40:57 IST" name="afterClass" finished-at="2022-08-12T17:41:16 IST" duration-ms="18509" status="PASS">
          <reporter-output>
          </reporter-output>
        </test-method> <!-- afterClass -->
      </class> <!-- com.mohs10.scripts.UserRegister -->
    </test> <!-- Application Testcase1(failed) -->
  </suite> <!-- Failed suite [DemoWebShop Application] -->
</testng-results>
