<?xml version="1.0" encoding="UTF-8"?>
<!-- Generated by org.testng.reporters.JUnitXMLReporter -->
<testsuite ignored="0" hostname="DESKTOP-ENC5FO9" failures="0" tests="6" name="Home Page Test Case" time="61.359" errors="0" timestamp="2022-05-04T15:32:54 IST">
  <testcase classname="com.mohs10.scripts.HomeTest" name="BlogbtnTestCase" time="12.227"/>
  <testcase classname="com.mohs10.scripts.HomeTest" name="CategoriesTest" time="10.927"/>
  <testcase classname="com.mohs10.scripts.HomeTest" name="InvalidLogInTestCase" time="7.033"/>
  <testcase classname="com.mohs10.scripts.HomeTest" name="LoginPageTestCase" time="8.103"/>
  <testcase classname="com.mohs10.scripts.HomeTest" name="NewsbtnTestCase" time="8.84"/>
  <testcase classname="com.mohs10.scripts.HomeTest" name="RegisterPageTestCase" time="9.184"/>
</testsuite> <!-- Home Page Test Case -->
